<?xml version="1.0" encoding="UTF-8" ?>
<testsuite errors="0" failures="0" hostname="antonio-ThinkPad-SL500" name="com.netnumeri.server.utils.YahooOptionsTest"
           tests="1" time="15.173" timestamp="2013-09-07T22:09:20">
    <properties/>
    <testcase classname="com.netnumeri.server.utils.YahooOptionsTest" name="testComputeMaxpain" time="15.085"/>
    <system-out><![CDATA[]]></system-out>
    <system-err><![CDATA[]]></system-err>
</testsuite>
