<?xml version="1.0" encoding="UTF-8" ?>
<testsuite errors="0" failures="0" hostname="antonio-ThinkPad-SL500"
           name="com.netnumeri.server.finance.strategy.SMACrossoverTest" tests="1" time="7.926"
           timestamp="2013-06-17T08:53:42">
    <properties/>
    <testcase classname="com.netnumeri.server.finance.strategy.SMACrossoverTest" name="testStrategy" time="7.862"/>
    <system-out><![CDATA[]]></system-out>
    <system-err><![CDATA[]]></system-err>
</testsuite>
